TN:
SF:/Users/stevehouel/Documents/Git/daswag/daswag-cli/src/generators/api/api-files.ts
FN:5,(anonymous_0)
FN:8,(anonymous_1)
FN:11,(anonymous_2)
FN:43,(anonymous_3)
FNF:4
FNH:4
FNDA:3,(anonymous_0)
FNDA:1,(anonymous_1)
FNDA:1,(anonymous_2)
FNDA:1,(anonymous_3)
DA:2,1
DA:3,1
DA:6,3
DA:9,1
DA:12,1
DA:44,1
DA:142,1
DA:143,1
DA:144,1
LF:9
LH:9
BRF:0
BRH:0
end_of_record
TN:
SF:/Users/stevehouel/Documents/Git/daswag/daswag-cli/src/generators/api/api-prompts.ts
FN:6,(anonymous_0)
FN:17,(anonymous_1)
FNF:2
FNH:2
FNDA:1,(anonymous_0)
FNDA:1,(anonymous_1)
DA:2,1
DA:3,1
DA:4,1
DA:7,1
DA:18,1
DA:29,1
DA:30,1
DA:31,1
LF:8
LH:8
BRDA:7,0,0,1
BRDA:7,0,1,0
BRDA:18,1,0,1
BRDA:18,1,1,0
BRF:4
BRH:2
end_of_record
TN:
SF:/Users/stevehouel/Documents/Git/daswag/daswag-cli/src/generators/api/index.ts
FN:16,(anonymous_0)
FN:25,(anonymous_1)
FN:28,(anonymous_2)
FN:33,(anonymous_3)
FN:52,(anonymous_4)
FN:66,(anonymous_5)
FN:80,(anonymous_6)
FN:85,(anonymous_7)
FN:89,(anonymous_8)
FNF:9
FNH:9
FNDA:1,(anonymous_0)
FNDA:2,(anonymous_1)
FNDA:1,(anonymous_2)
FNDA:1,(anonymous_3)
FNDA:1,(anonymous_4)
FNDA:1,(anonymous_5)
FNDA:1,(anonymous_6)
FNDA:1,(anonymous_7)
FNDA:1,(anonymous_8)
DA:2,1
DA:3,1
DA:4,1
DA:5,1
DA:6,1
DA:7,1
DA:8,1
DA:9,1
DA:10,1
DA:11,1
DA:17,1
DA:18,1
DA:19,1
DA:20,1
DA:21,1
DA:22,1
DA:23,1
DA:26,2
DA:29,1
DA:30,1
DA:31,1
DA:34,1
DA:36,1
DA:37,1
DA:38,1
DA:39,1
DA:40,1
DA:47,1
DA:48,1
DA:50,1
DA:53,1
DA:54,1
DA:55,1
DA:57,1
DA:58,1
DA:61,1
DA:62,1
DA:67,1
DA:68,1
DA:69,1
DA:73,1
DA:75,1
DA:76,1
DA:77,1
DA:78,1
DA:81,1
DA:83,1
DA:86,1
DA:87,1
DA:90,1
DA:91,1
DA:92,0
DA:93,0
DA:97,1
DA:98,1
LF:55
LH:53
BRDA:21,0,0,0
BRDA:21,0,1,1
BRDA:22,1,0,1
BRDA:22,1,1,0
BRDA:22,2,0,1
BRDA:22,2,1,0
BRDA:22,3,0,1
BRDA:22,3,1,0
BRDA:39,4,0,1
BRDA:39,4,1,0
BRDA:39,5,0,1
BRDA:39,5,1,1
BRDA:54,6,0,1
BRDA:54,6,1,0
BRDA:57,7,0,1
BRDA:57,7,1,0
BRDA:61,8,0,1
BRDA:61,8,1,0
BRDA:62,9,0,1
BRDA:62,9,1,0
BRDA:62,10,0,1
BRDA:62,10,1,1
BRDA:68,11,0,1
BRDA:68,11,1,0
BRDA:68,12,0,1
BRDA:68,12,1,0
BRDA:68,12,2,1
BRDA:91,13,0,0
BRDA:91,13,1,1
BRF:29
BRH:17
end_of_record
TN:
SF:/Users/stevehouel/Documents/Git/daswag/daswag-cli/src/generators/api-entity/api-entity-files.ts
FN:6,(anonymous_0)
FN:10,(anonymous_1)
FN:13,(anonymous_2)
FN:17,(anonymous_3)
FNF:4
FNH:4
FNDA:1,(anonymous_0)
FNDA:1,(anonymous_1)
FNDA:1,(anonymous_2)
FNDA:1,(anonymous_3)
DA:2,1
DA:3,1
DA:4,1
DA:7,1
DA:8,1
DA:11,1
DA:14,1
DA:17,1
DA:30,1
DA:31,1
DA:32,1
LF:11
LH:11
BRF:0
BRH:0
end_of_record
TN:
SF:/Users/stevehouel/Documents/Git/daswag/daswag-cli/src/generators/api-entity/api-entity-prompts.ts
FNF:0
FNH:0
DA:2,1
DA:3,1
DA:6,1
LF:3
LH:3
BRF:0
BRH:0
end_of_record
TN:
SF:/Users/stevehouel/Documents/Git/daswag/daswag-cli/src/generators/api-entity/index.ts
FN:14,(anonymous_0)
FN:30,(anonymous_1)
FN:33,(anonymous_2)
FN:39,(anonymous_3)
FN:70,(anonymous_4)
FN:86,(anonymous_5)
FN:89,(anonymous_6)
FN:95,(anonymous_7)
FN:107,(anonymous_8)
FN:110,(anonymous_9)
FNF:10
FNH:9
FNDA:1,(anonymous_0)
FNDA:2,(anonymous_1)
FNDA:1,(anonymous_2)
FNDA:1,(anonymous_3)
FNDA:0,(anonymous_4)
FNDA:1,(anonymous_5)
FNDA:1,(anonymous_6)
FNDA:1,(anonymous_7)
FNDA:1,(anonymous_8)
FNDA:1,(anonymous_9)
DA:2,1
DA:3,1
DA:4,1
DA:5,1
DA:6,1
DA:7,1
DA:8,1
DA:9,1
DA:15,1
DA:16,1
DA:17,1
DA:18,1
DA:19,1
DA:20,1
DA:28,1
DA:31,2
DA:34,1
DA:36,1
DA:37,1
DA:40,1
DA:42,1
DA:43,1
DA:45,1
DA:46,1
DA:47,1
DA:54,1
DA:55,1
DA:56,1
DA:57,1
DA:58,0
DA:60,1
DA:61,1
DA:64,1
DA:65,1
DA:66,0
DA:69,1
DA:70,1
DA:71,0
DA:72,0
DA:73,0
DA:74,0
DA:77,0
DA:78,0
DA:79,0
DA:82,1
DA:83,1
DA:87,1
DA:90,1
DA:92,1
DA:93,1
DA:96,1
DA:98,1
DA:100,1
DA:101,1
DA:102,1
DA:103,1
DA:104,1
DA:108,1
DA:111,1
DA:112,1
DA:115,1
DA:116,1
LF:62
LH:53
BRDA:19,0,0,0
BRDA:19,0,1,1
BRDA:46,1,0,1
BRDA:46,1,1,0
BRDA:46,2,0,1
BRDA:46,2,1,1
BRDA:57,3,0,0
BRDA:57,3,1,1
BRDA:57,4,0,1
BRDA:57,4,1,1
BRDA:60,5,0,1
BRDA:60,5,1,0
BRDA:60,6,0,1
BRDA:60,6,1,1
BRDA:65,7,0,0
BRDA:65,7,1,1
BRDA:71,8,0,0
BRDA:71,8,1,0
BRDA:73,9,0,0
BRDA:73,9,1,0
BRDA:82,10,0,1
BRDA:82,10,1,0
BRDA:102,11,0,1
BRDA:102,11,1,0
BRF:24
BRH:13
end_of_record
TN:
SF:/Users/stevehouel/Documents/Git/daswag/daswag-cli/src/generators/api-method/api-method-files.ts
FN:5,(anonymous_0)
FN:10,(anonymous_1)
FN:13,(anonymous_2)
FNF:3
FNH:3
FNDA:1,(anonymous_0)
FNDA:1,(anonymous_1)
FNDA:1,(anonymous_2)
DA:2,1
DA:3,1
DA:6,1
DA:7,1
DA:8,1
DA:11,1
DA:14,1
DA:29,1
DA:30,1
DA:31,1
LF:10
LH:10
BRF:0
BRH:0
end_of_record
TN:
SF:/Users/stevehouel/Documents/Git/daswag/daswag-cli/src/generators/api-method/api-method-prompts.ts
FN:6,(anonymous_0)
FN:10,(anonymous_1)
FN:21,(anonymous_2)
FN:34,(anonymous_3)
FN:41,(anonymous_4)
FN:46,(anonymous_5)
FNF:6
FNH:5
FNDA:1,(anonymous_0)
FNDA:1,(anonymous_1)
FNDA:1,(anonymous_2)
FNDA:1,(anonymous_3)
FNDA:1,(anonymous_4)
FNDA:0,(anonymous_5)
DA:2,1
DA:3,1
DA:4,1
DA:7,1
DA:9,1
DA:10,1
DA:11,1
DA:14,1
DA:22,1
DA:35,1
DA:42,1
DA:47,0
DA:48,0
DA:50,0
DA:55,1
DA:56,1
DA:57,1
DA:58,1
DA:59,1
LF:19
LH:16
BRDA:9,0,0,1
BRDA:9,0,1,0
BRDA:14,1,0,1
BRDA:14,1,1,0
BRDA:22,2,0,1
BRDA:22,2,1,0
BRDA:35,3,0,1
BRDA:35,3,1,0
BRDA:42,4,0,1
BRDA:42,4,1,0
BRDA:47,5,0,0
BRDA:47,5,1,0
BRF:12
BRH:5
end_of_record
TN:
SF:/Users/stevehouel/Documents/Git/daswag/daswag-cli/src/generators/api-method/index.ts
FN:15,(anonymous_0)
FN:30,(anonymous_1)
FN:33,(anonymous_2)
FN:39,(anonymous_3)
FN:83,(anonymous_4)
FN:86,(anonymous_5)
FN:93,(anonymous_6)
FN:116,(anonymous_7)
FN:119,(anonymous_8)
FNF:9
FNH:9
FNDA:1,(anonymous_0)
FNDA:2,(anonymous_1)
FNDA:1,(anonymous_2)
FNDA:1,(anonymous_3)
FNDA:1,(anonymous_4)
FNDA:1,(anonymous_5)
FNDA:1,(anonymous_6)
FNDA:1,(anonymous_7)
FNDA:1,(anonymous_8)
DA:2,1
DA:3,1
DA:4,1
DA:5,1
DA:6,1
DA:7,1
DA:8,1
DA:9,1
DA:10,1
DA:16,1
DA:17,1
DA:18,1
DA:19,1
DA:20,1
DA:27,1
DA:28,1
DA:31,2
DA:34,1
DA:36,1
DA:37,1
DA:40,1
DA:42,1
DA:43,1
DA:45,1
DA:46,0
DA:47,0
DA:48,0
DA:52,1
DA:53,1
DA:54,1
DA:57,1
DA:59,1
DA:60,1
DA:61,1
DA:67,1
DA:69,1
DA:71,1
DA:72,1
DA:74,1
DA:75,1
DA:76,1
DA:77,1
DA:79,1
DA:84,1
DA:87,1
DA:89,1
DA:90,1
DA:91,1
DA:94,1
DA:95,1
DA:96,1
DA:98,1
DA:100,1
DA:101,1
DA:102,1
DA:103,1
DA:104,1
DA:107,1
DA:108,1
DA:109,1
DA:110,1
DA:111,1
DA:112,1
DA:117,1
DA:120,1
DA:121,1
DA:124,1
DA:125,1
LF:68
LH:65
BRDA:22,0,0,0
BRDA:22,0,1,1
BRDA:23,1,0,0
BRDA:23,1,1,1
BRDA:45,2,0,0
BRDA:45,2,1,1
BRDA:45,3,0,1
BRDA:45,3,1,1
BRDA:53,4,0,1
BRDA:53,4,1,0
BRDA:53,5,0,1
BRDA:53,5,1,1
BRDA:60,6,0,1
BRDA:60,6,1,0
BRDA:60,7,0,1
BRDA:60,7,1,1
BRDA:75,8,0,1
BRDA:75,8,1,0
BRDA:76,9,0,1
BRDA:76,9,1,0
BRDA:95,10,0,1
BRDA:95,10,1,0
BRDA:102,11,0,1
BRDA:102,11,1,0
BRDA:102,12,0,1
BRDA:102,12,1,1
BRDA:110,13,0,1
BRDA:110,13,1,0
BRDA:110,14,0,1
BRDA:110,14,1,1
BRF:30
BRH:20
end_of_record
TN:
SF:/Users/stevehouel/Documents/Git/daswag/daswag-cli/src/generators/api-resource/api-resource-files.ts
FN:5,(anonymous_0)
FN:9,(anonymous_1)
FN:12,(anonymous_2)
FNF:3
FNH:3
FNDA:1,(anonymous_0)
FNDA:1,(anonymous_1)
FNDA:1,(anonymous_2)
DA:2,1
DA:3,1
DA:6,1
DA:7,1
DA:10,1
DA:13,1
DA:27,1
DA:28,1
LF:8
LH:8
BRF:0
BRH:0
end_of_record
TN:
SF:/Users/stevehouel/Documents/Git/daswag/daswag-cli/src/generators/api-resource/api-resource-prompts.ts
FN:6,(anonymous_0)
FN:15,(anonymous_1)
FN:20,(anonymous_2)
FN:31,(anonymous_3)
FN:36,(anonymous_4)
FNF:5
FNH:4
FNDA:1,(anonymous_0)
FNDA:1,(anonymous_1)
FNDA:1,(anonymous_2)
FNDA:1,(anonymous_3)
FNDA:0,(anonymous_4)
DA:2,1
DA:3,1
DA:4,1
DA:7,1
DA:8,1
DA:16,1
DA:18,1
DA:19,1
DA:20,1
DA:21,1
DA:24,1
DA:32,1
DA:37,0
DA:38,0
DA:40,0
DA:45,1
DA:46,1
LF:17
LH:14
BRDA:8,0,0,1
BRDA:8,0,1,0
BRDA:19,1,0,1
BRDA:19,1,1,0
BRDA:24,2,0,1
BRDA:24,2,1,0
BRDA:32,3,0,0
BRDA:32,3,1,1
BRDA:37,4,0,0
BRDA:37,4,1,0
BRF:10
BRH:4
end_of_record
TN:
SF:/Users/stevehouel/Documents/Git/daswag/daswag-cli/src/generators/api-resource/index.ts
FN:15,(anonymous_0)
FN:30,(anonymous_1)
FN:33,(anonymous_2)
FN:39,(anonymous_3)
FN:77,(anonymous_4)
FN:80,(anonymous_5)
FN:86,(anonymous_6)
FN:98,(anonymous_7)
FN:101,(anonymous_8)
FNF:9
FNH:9
FNDA:1,(anonymous_0)
FNDA:2,(anonymous_1)
FNDA:1,(anonymous_2)
FNDA:1,(anonymous_3)
FNDA:1,(anonymous_4)
FNDA:1,(anonymous_5)
FNDA:1,(anonymous_6)
FNDA:1,(anonymous_7)
FNDA:1,(anonymous_8)
DA:2,1
DA:3,1
DA:4,1
DA:5,1
DA:6,1
DA:7,1
DA:8,1
DA:9,1
DA:10,1
DA:16,1
DA:17,1
DA:18,1
DA:19,1
DA:20,1
DA:27,1
DA:28,1
DA:31,2
DA:34,1
DA:36,1
DA:37,1
DA:40,1
DA:42,1
DA:43,1
DA:45,1
DA:47,1
DA:48,1
DA:49,1
DA:56,1
DA:58,1
DA:59,1
DA:60,0
DA:63,1
DA:64,0
DA:68,1
DA:69,1
DA:70,0
DA:71,0
DA:73,0
DA:78,1
DA:81,1
DA:83,1
DA:84,1
DA:87,1
DA:89,1
DA:91,1
DA:92,1
DA:93,1
DA:94,1
DA:95,1
DA:99,1
DA:102,1
DA:103,1
DA:106,1
DA:107,1
LF:54
LH:49
BRDA:22,0,0,1
BRDA:22,0,1,0
BRDA:23,1,0,1
BRDA:23,1,1,0
BRDA:24,2,0,1
BRDA:24,2,1,0
BRDA:48,3,0,1
BRDA:48,3,1,0
BRDA:48,4,0,1
BRDA:48,4,1,1
BRDA:59,5,0,0
BRDA:59,5,1,1
BRDA:63,6,0,0
BRDA:63,6,1,1
BRDA:63,7,0,1
BRDA:63,7,1,0
BRDA:69,8,0,0
BRDA:69,8,1,1
BRDA:70,9,0,0
BRDA:70,9,1,0
BRDA:93,10,0,1
BRDA:93,10,1,0
BRF:22
BRH:11
end_of_record
TN:
SF:/Users/stevehouel/Documents/Git/daswag/daswag-cli/src/generators/client/client-files.ts
FN:5,(anonymous_0)
FN:8,(anonymous_1)
FN:11,(anonymous_2)
FN:39,(anonymous_3)
FNF:4
FNH:4
FNDA:2,(anonymous_0)
FNDA:1,(anonymous_1)
FNDA:1,(anonymous_2)
FNDA:1,(anonymous_3)
DA:2,1
DA:3,1
DA:6,2
DA:9,1
DA:12,1
DA:40,1
DA:175,1
DA:176,1
DA:177,1
LF:9
LH:9
BRF:0
BRH:0
end_of_record
TN:
SF:/Users/stevehouel/Documents/Git/daswag/daswag-cli/src/generators/client/client-prompts.ts
FN:6,(anonymous_0)
FN:15,(anonymous_1)
FN:27,(anonymous_2)
FNF:3
FNH:3
FNDA:1,(anonymous_0)
FNDA:1,(anonymous_1)
FNDA:1,(anonymous_2)
DA:2,1
DA:3,1
DA:4,1
DA:7,1
DA:16,1
DA:28,1
DA:63,1
DA:64,1
DA:65,1
DA:66,1
DA:67,1
LF:11
LH:11
BRDA:7,0,0,1
BRDA:7,0,1,0
BRDA:16,1,0,1
BRDA:16,1,1,0
BRDA:28,2,0,1
BRDA:28,2,1,0
BRF:6
BRH:3
end_of_record
TN:
SF:/Users/stevehouel/Documents/Git/daswag/daswag-cli/src/generators/client/index.ts
FN:16,(anonymous_0)
FN:25,(anonymous_1)
FN:28,(anonymous_2)
FN:34,(anonymous_3)
FN:54,(anonymous_4)
FN:71,(anonymous_5)
FN:86,(anonymous_6)
FN:91,(anonymous_7)
FN:95,(anonymous_8)
FNF:9
FNH:9
FNDA:1,(anonymous_0)
FNDA:2,(anonymous_1)
FNDA:1,(anonymous_2)
FNDA:1,(anonymous_3)
FNDA:1,(anonymous_4)
FNDA:1,(anonymous_5)
FNDA:1,(anonymous_6)
FNDA:1,(anonymous_7)
FNDA:1,(anonymous_8)
DA:2,1
DA:3,1
DA:4,1
DA:5,1
DA:6,1
DA:7,1
DA:8,1
DA:9,1
DA:10,1
DA:11,1
DA:17,1
DA:18,1
DA:19,1
DA:20,1
DA:21,1
DA:22,1
DA:23,1
DA:26,2
DA:29,1
DA:31,1
DA:32,1
DA:35,1
DA:37,1
DA:38,1
DA:39,1
DA:40,1
DA:41,1
DA:48,1
DA:49,1
DA:50,1
DA:52,1
DA:55,1
DA:56,1
DA:57,1
DA:59,1
DA:60,1
DA:63,1
DA:64,0
DA:66,1
DA:67,1
DA:72,1
DA:73,1
DA:74,1
DA:78,1
DA:80,1
DA:81,1
DA:82,1
DA:83,1
DA:84,1
DA:87,1
DA:89,1
DA:92,1
DA:93,1
DA:96,1
DA:97,1
DA:98,0
DA:99,0
DA:103,1
DA:104,1
LF:59
LH:56
BRDA:21,0,0,0
BRDA:21,0,1,1
BRDA:22,1,0,1
BRDA:22,1,1,0
BRDA:22,2,0,1
BRDA:22,2,1,0
BRDA:22,3,0,1
BRDA:22,3,1,0
BRDA:40,4,0,1
BRDA:40,4,1,0
BRDA:40,5,0,1
BRDA:40,5,1,1
BRDA:56,6,0,1
BRDA:56,6,1,0
BRDA:59,7,0,1
BRDA:59,7,1,0
BRDA:63,8,0,0
BRDA:63,8,1,1
BRDA:64,9,0,0
BRDA:64,9,1,0
BRDA:66,10,0,1
BRDA:66,10,1,0
BRDA:67,11,0,1
BRDA:67,11,1,0
BRDA:73,12,0,1
BRDA:73,12,1,0
BRDA:73,13,0,1
BRDA:73,13,1,0
BRDA:73,13,2,1
BRDA:97,14,0,0
BRDA:97,14,1,1
BRF:31
BRH:16
end_of_record
TN:
SF:/Users/stevehouel/Documents/Git/daswag/daswag-cli/src/generators/core/base.ts
FN:13,(anonymous_0)
FN:28,(anonymous_1)
FN:35,(anonymous_2)
FN:42,(anonymous_3)
FN:55,(anonymous_4)
FN:64,(anonymous_5)
FN:78,(anonymous_6)
FN:84,(anonymous_7)
FN:85,(anonymous_8)
FN:87,(anonymous_9)
FNF:10
FNH:8
FNDA:6,(anonymous_0)
FNDA:0,(anonymous_1)
FNDA:3,(anonymous_2)
FNDA:0,(anonymous_3)
FNDA:3,(anonymous_4)
FNDA:3,(anonymous_5)
FNDA:6,(anonymous_6)
FNDA:6,(anonymous_7)
FNDA:24,(anonymous_8)
FNDA:24,(anonymous_9)
DA:2,1
DA:3,1
DA:4,1
DA:5,1
DA:6,1
DA:7,1
DA:8,1
DA:9,1
DA:10,1
DA:11,1
DA:14,6
DA:15,6
DA:16,6
DA:29,0
DA:36,3
DA:43,0
DA:56,3
DA:57,3
DA:58,3
DA:60,3
DA:61,3
DA:65,3
DA:66,3
DA:67,3
DA:68,3
DA:69,3
DA:70,3
DA:71,3
DA:72,3
DA:73,3
DA:80,6
DA:82,6
DA:85,6
DA:87,24
DA:88,24
DA:89,24
DA:90,24
DA:91,24
DA:94,24
DA:95,24
DA:96,24
DA:97,24
DA:100,24
DA:103,6
DA:106,1
LF:45
LH:43
BRDA:29,0,0,0
BRDA:29,0,1,0
BRDA:56,1,0,3
BRDA:56,1,1,0
BRDA:57,2,0,3
BRDA:57,2,1,0
BRDA:58,3,0,3
BRDA:58,3,1,0
BRDA:60,4,0,3
BRDA:60,4,1,0
BRDA:61,5,0,3
BRDA:61,5,1,0
BRDA:88,6,0,24
BRDA:88,6,1,0
BRDA:90,7,0,24
BRDA:90,7,1,0
BRDA:90,8,0,24
BRDA:90,8,1,0
BRDA:94,9,0,24
BRDA:94,9,1,0
BRF:20
BRH:9
end_of_record
TN:
SF:/Users/stevehouel/Documents/Git/daswag/daswag-cli/src/generators/core/file.ts
FN:5,(anonymous_0)
FN:10,(anonymous_1)
FN:19,(anonymous_2)
FNF:3
FNH:3
FNDA:10,(anonymous_0)
FNDA:6,(anonymous_1)
FNDA:128,(anonymous_2)
DA:2,1
DA:3,1
DA:6,10
DA:7,10
DA:8,10
DA:11,6
DA:12,6
DA:14,6
DA:15,16
DA:16,32
DA:17,32
DA:18,31
DA:19,31
DA:20,128
DA:21,128
DA:22,128
DA:23,125
DA:25,3
DA:26,3
DA:28,128
DA:29,128
DA:34,6
DA:35,6
DA:38,1
LF:24
LH:24
BRDA:17,0,0,31
BRDA:17,0,1,1
BRDA:17,1,0,32
BRDA:17,1,1,1
BRDA:18,2,0,23
BRDA:18,2,1,8
BRDA:22,3,0,125
BRDA:22,3,1,3
BRDA:25,4,0,3
BRDA:25,4,1,0
BRDA:28,5,0,3
BRDA:28,5,1,125
BRDA:28,6,0,128
BRDA:28,6,1,128
BRF:14
BRH:13
end_of_record
TN:
SF:/Users/stevehouel/Documents/Git/daswag/daswag-cli/src/generators/core/prompt.ts
FN:5,(anonymous_0)
FN:8,(anonymous_1)
FN:15,(anonymous_2)
FN:22,(anonymous_3)
FN:30,(anonymous_4)
FN:41,(anonymous_5)
FN:44,(anonymous_6)
FN:55,(anonymous_7)
FN:100,(anonymous_8)
FN:113,(anonymous_9)
FN:118,(anonymous_10)
FN:126,(anonymous_11)
FN:135,(anonymous_12)
FN:143,(anonymous_13)
FN:148,(anonymous_14)
FN:156,(anonymous_15)
FN:161,(anonymous_16)
FN:169,(anonymous_17)
FN:174,(anonymous_18)
FN:182,(anonymous_19)
FN:187,(anonymous_20)
FN:195,(anonymous_21)
FN:203,(anonymous_22)
FN:211,(anonymous_23)
FN:218,(anonymous_24)
FN:225,(anonymous_25)
FN:232,(anonymous_26)
FN:234,(anonymous_27)
FN:239,(anonymous_28)
FN:241,(anonymous_29)
FN:246,(anonymous_30)
FN:249,(anonymous_31)
FNF:32
FNH:6
FNDA:6,(anonymous_0)
FNDA:0,(anonymous_1)
FNDA:2,(anonymous_2)
FNDA:0,(anonymous_3)
FNDA:1,(anonymous_4)
FNDA:2,(anonymous_5)
FNDA:0,(anonymous_6)
FNDA:0,(anonymous_7)
FNDA:0,(anonymous_8)
FNDA:0,(anonymous_9)
FNDA:0,(anonymous_10)
FNDA:1,(anonymous_11)
FNDA:0,(anonymous_12)
FNDA:0,(anonymous_13)
FNDA:0,(anonymous_14)
FNDA:0,(anonymous_15)
FNDA:0,(anonymous_16)
FNDA:0,(anonymous_17)
FNDA:0,(anonymous_18)
FNDA:0,(anonymous_19)
FNDA:0,(anonymous_20)
FNDA:0,(anonymous_21)
FNDA:0,(anonymous_22)
FNDA:0,(anonymous_23)
FNDA:0,(anonymous_24)
FNDA:0,(anonymous_25)
FNDA:0,(anonymous_26)
FNDA:0,(anonymous_27)
FNDA:1,(anonymous_28)
FNDA:0,(anonymous_29)
FNDA:0,(anonymous_30)
FNDA:0,(anonymous_31)
DA:2,1
DA:3,1
DA:6,6
DA:9,0
DA:10,0
DA:11,0
DA:13,0
DA:16,2
DA:17,2
DA:23,0
DA:24,0
DA:26,0
DA:31,1
DA:42,2
DA:43,2
DA:44,2
DA:45,0
DA:48,2
DA:56,0
DA:57,0
DA:58,0
DA:59,0
DA:60,0
DA:61,0
DA:63,0
DA:64,0
DA:66,0
DA:68,0
DA:69,0
DA:70,0
DA:71,0
DA:72,0
DA:77,0
DA:78,0
DA:79,0
DA:80,0
DA:85,0
DA:87,0
DA:89,0
DA:90,0
DA:93,0
DA:96,0
DA:101,0
DA:114,0
DA:119,0
DA:120,0
DA:122,0
DA:128,1
DA:129,1
DA:131,1
DA:136,0
DA:137,0
DA:139,0
DA:144,0
DA:149,0
DA:150,0
DA:152,0
DA:157,0
DA:162,0
DA:163,0
DA:165,0
DA:170,0
DA:175,0
DA:176,0
DA:178,0
DA:183,0
DA:188,0
DA:189,0
DA:191,0
DA:196,0
DA:204,0
DA:212,0
DA:219,0
DA:226,0
DA:233,0
DA:234,0
DA:235,0
DA:237,0
DA:240,1
DA:241,1
DA:242,0
DA:244,1
DA:247,0
DA:248,0
DA:249,0
DA:250,0
DA:251,0
DA:255,0
DA:258,1
DA:259,1
DA:260,1
DA:261,1
DA:262,1
DA:263,1
DA:264,1
DA:265,1
DA:266,1
DA:267,1
DA:268,1
DA:269,1
LF:100
LH:28
BRDA:10,0,0,0
BRDA:10,0,1,0
BRDA:10,1,0,0
BRDA:10,1,1,0
BRDA:16,2,0,2
BRDA:16,2,1,0
BRDA:17,3,0,2
BRDA:17,3,1,0
BRDA:23,4,0,0
BRDA:23,4,1,0
BRDA:31,5,0,1
BRDA:31,5,1,0
BRDA:43,6,0,2
BRDA:43,6,1,0
BRDA:58,7,0,0
BRDA:58,7,1,0
BRDA:58,8,0,0
BRDA:58,8,1,0
BRDA:59,9,0,0
BRDA:59,9,1,0
BRDA:69,10,0,0
BRDA:69,10,1,0
BRDA:69,11,0,0
BRDA:69,11,1,0
BRDA:69,11,2,0
BRDA:71,12,0,0
BRDA:71,12,1,0
BRDA:71,13,0,0
BRDA:71,13,1,0
BRDA:77,14,0,0
BRDA:77,14,1,0
BRDA:77,15,0,0
BRDA:77,15,1,0
BRDA:77,15,2,0
BRDA:79,16,0,0
BRDA:79,16,1,0
BRDA:79,17,0,0
BRDA:79,17,1,0
BRDA:89,18,0,0
BRDA:89,18,1,0
BRDA:119,19,0,0
BRDA:119,19,1,0
BRDA:128,20,0,1
BRDA:128,20,1,0
BRDA:131,21,0,0
BRDA:131,21,1,1
BRDA:136,22,0,0
BRDA:136,22,1,0
BRDA:149,23,0,0
BRDA:149,23,1,0
BRDA:162,24,0,0
BRDA:162,24,1,0
BRDA:175,25,0,0
BRDA:175,25,1,0
BRDA:188,26,0,0
BRDA:188,26,1,0
BRDA:233,27,0,0
BRDA:233,27,1,0
BRDA:240,28,0,0
BRDA:240,28,1,1
BRDA:248,29,0,0
BRDA:248,29,1,0
BRDA:250,30,0,0
BRDA:250,30,1,0
BRF:64
BRH:7
end_of_record
TN:
SF:/Users/stevehouel/Documents/Git/daswag/daswag-cli/src/generators/user-mgmt/index.ts
FN:15,(anonymous_0)
FN:24,(anonymous_1)
FN:27,(anonymous_2)
FN:31,(anonymous_3)
FN:56,(anonymous_4)
FN:66,(anonymous_5)
FN:86,(anonymous_6)
FN:91,(anonymous_7)
FN:94,(anonymous_8)
FNF:9
FNH:9
FNDA:1,(anonymous_0)
FNDA:2,(anonymous_1)
FNDA:1,(anonymous_2)
FNDA:1,(anonymous_3)
FNDA:1,(anonymous_4)
FNDA:1,(anonymous_5)
FNDA:1,(anonymous_6)
FNDA:1,(anonymous_7)
FNDA:1,(anonymous_8)
DA:2,1
DA:3,1
DA:4,1
DA:5,1
DA:6,1
DA:7,1
DA:8,1
DA:9,1
DA:10,1
DA:16,1
DA:17,1
DA:18,1
DA:19,1
DA:20,1
DA:21,1
DA:22,1
DA:25,2
DA:28,1
DA:29,1
DA:32,1
DA:34,1
DA:35,1
DA:36,1
DA:37,1
DA:38,1
DA:39,1
DA:40,1
DA:42,1
DA:43,1
DA:44,1
DA:45,1
DA:46,0
DA:49,1
DA:51,1
DA:52,1
DA:54,1
DA:57,1
DA:58,1
DA:59,1
DA:61,1
DA:62,1
DA:67,1
DA:68,1
DA:69,1
DA:73,1
DA:75,1
DA:76,1
DA:77,1
DA:78,1
DA:79,1
DA:80,1
DA:81,1
DA:82,1
DA:83,1
DA:84,1
DA:87,1
DA:89,1
DA:92,1
DA:95,1
DA:96,1
DA:97,0
DA:98,0
DA:102,1
DA:103,1
LF:64
LH:61
BRDA:20,0,0,0
BRDA:20,0,1,1
BRDA:21,1,0,1
BRDA:21,1,1,0
BRDA:21,2,0,1
BRDA:21,2,1,0
BRDA:21,3,0,1
BRDA:21,3,1,0
BRDA:39,4,0,1
BRDA:39,4,1,0
BRDA:39,5,0,1
BRDA:39,5,1,1
BRDA:39,5,2,1
BRDA:45,6,0,0
BRDA:45,6,1,1
BRDA:45,7,0,1
BRDA:45,7,1,1
BRDA:45,7,2,1
BRDA:58,8,0,1
BRDA:58,8,1,0
BRDA:61,9,0,1
BRDA:61,9,1,0
BRDA:68,10,0,1
BRDA:68,10,1,0
BRDA:68,11,0,1
BRDA:68,11,1,0
BRDA:68,11,2,1
BRDA:96,12,0,0
BRDA:96,12,1,1
BRF:29
BRH:18
end_of_record
TN:
SF:/Users/stevehouel/Documents/Git/daswag/daswag-cli/src/generators/user-mgmt/user-mgmt-files.ts
FN:5,(anonymous_0)
FN:8,(anonymous_1)
FN:11,(anonymous_2)
FN:23,(anonymous_3)
FNF:4
FNH:4
FNDA:2,(anonymous_0)
FNDA:1,(anonymous_1)
FNDA:1,(anonymous_2)
FNDA:1,(anonymous_3)
DA:2,1
DA:3,1
DA:6,2
DA:9,1
DA:12,1
DA:24,1
DA:36,1
DA:37,1
DA:38,1
LF:9
LH:9
BRF:0
BRH:0
end_of_record
TN:
SF:/Users/stevehouel/Documents/Git/daswag/daswag-cli/src/generators/user-mgmt/user-mgmt-prompts.ts
FN:6,(anonymous_0)
FN:11,(anonymous_1)
FN:22,(anonymous_2)
FN:33,(anonymous_3)
FN:44,(anonymous_4)
FN:51,(anonymous_5)
FN:62,(anonymous_6)
FN:74,(anonymous_7)
FN:86,(anonymous_8)
FN:140,(anonymous_9)
FN:146,(anonymous_10)
FN:181,(anonymous_11)
FN:194,(anonymous_12)
FN:206,(anonymous_13)
FN:208,(anonymous_14)
FNF:15
FNH:8
FNDA:1,(anonymous_0)
FNDA:0,(anonymous_1)
FNDA:1,(anonymous_2)
FNDA:1,(anonymous_3)
FNDA:1,(anonymous_4)
FNDA:1,(anonymous_5)
FNDA:0,(anonymous_6)
FNDA:1,(anonymous_7)
FNDA:1,(anonymous_8)
FNDA:0,(anonymous_9)
FNDA:0,(anonymous_10)
FNDA:0,(anonymous_11)
FNDA:1,(anonymous_12)
FNDA:0,(anonymous_13)
FNDA:0,(anonymous_14)
DA:2,1
DA:3,1
DA:4,1
DA:7,1
DA:12,0
DA:13,0
DA:15,0
DA:16,0
DA:18,0
DA:23,1
DA:34,1
DA:45,1
DA:52,1
DA:63,0
DA:75,1
DA:87,1
DA:88,1
DA:89,1
DA:90,0
DA:91,0
DA:92,0
DA:94,0
DA:95,0
DA:96,0
DA:98,0
DA:99,0
DA:104,0
DA:106,0
DA:108,0
DA:109,0
DA:110,0
DA:111,0
DA:112,0
DA:117,0
DA:118,0
DA:119,0
DA:120,0
DA:125,0
DA:127,0
DA:129,0
DA:130,0
DA:133,0
DA:136,1
DA:141,0
DA:142,0
DA:147,0
DA:148,0
DA:150,0
DA:155,0
DA:182,0
DA:195,1
DA:207,0
DA:208,0
DA:209,0
DA:211,0
DA:214,1
DA:215,1
DA:216,1
DA:217,1
DA:218,1
DA:219,1
DA:220,1
DA:221,1
DA:222,1
DA:223,1
DA:224,1
DA:225,1
DA:226,1
DA:227,1
DA:228,1
LF:70
LH:29
BRDA:7,0,0,1
BRDA:7,0,1,0
BRDA:12,1,0,0
BRDA:12,1,1,0
BRDA:12,2,0,0
BRDA:12,2,1,0
BRDA:15,3,0,0
BRDA:15,3,1,0
BRDA:23,4,0,1
BRDA:23,4,1,0
BRDA:34,5,0,1
BRDA:34,5,1,0
BRDA:45,6,0,1
BRDA:45,6,1,0
BRDA:52,7,0,1
BRDA:52,7,1,0
BRDA:63,8,0,0
BRDA:63,8,1,0
BRDA:75,9,0,1
BRDA:75,9,1,0
BRDA:89,10,0,0
BRDA:89,10,1,1
BRDA:89,11,0,1
BRDA:89,11,1,1
BRDA:89,11,2,0
BRDA:90,12,0,0
BRDA:90,12,1,0
BRDA:90,12,2,0
BRDA:95,13,0,0
BRDA:95,13,1,0
BRDA:98,14,0,0
BRDA:98,14,1,0
BRDA:98,15,0,0
BRDA:98,15,1,0
BRDA:109,16,0,0
BRDA:109,16,1,0
BRDA:109,17,0,0
BRDA:109,17,1,0
BRDA:109,17,2,0
BRDA:111,18,0,0
BRDA:111,18,1,0
BRDA:111,19,0,0
BRDA:111,19,1,0
BRDA:117,20,0,0
BRDA:117,20,1,0
BRDA:117,21,0,0
BRDA:117,21,1,0
BRDA:117,21,2,0
BRDA:119,22,0,0
BRDA:119,22,1,0
BRDA:119,23,0,0
BRDA:119,23,1,0
BRDA:129,24,0,0
BRDA:129,24,1,0
BRDA:141,25,0,0
BRDA:141,25,1,0
BRDA:147,26,0,0
BRDA:147,26,1,0
BRDA:207,27,0,0
BRDA:207,27,1,0
BRF:60
BRH:9
end_of_record
TN:
SF:/Users/stevehouel/Documents/Git/daswag/daswag-cli/src/utils/check-utils.ts
FN:6,(anonymous_0)
FN:17,(anonymous_1)
FN:28,(anonymous_2)
FN:39,(anonymous_3)
FN:50,(anonymous_4)
FN:61,(anonymous_5)
FN:72,(anonymous_6)
FN:83,(anonymous_7)
FN:94,(anonymous_8)
FNF:9
FNH:9
FNDA:5,(anonymous_0)
FNDA:5,(anonymous_1)
FNDA:5,(anonymous_2)
FNDA:2,(anonymous_3)
FNDA:2,(anonymous_4)
FNDA:2,(anonymous_5)
FNDA:3,(anonymous_6)
FNDA:3,(anonymous_7)
FNDA:3,(anonymous_8)
DA:2,1
DA:3,1
DA:4,1
DA:7,5
DA:8,5
DA:9,5
DA:10,4
DA:13,1
DA:15,5
DA:18,5
DA:19,5
DA:20,5
DA:21,4
DA:24,1
DA:26,5
DA:29,5
DA:30,5
DA:31,5
DA:32,4
DA:35,1
DA:37,5
DA:40,2
DA:41,2
DA:42,2
DA:43,1
DA:46,1
DA:48,2
DA:51,2
DA:52,2
DA:53,2
DA:54,1
DA:57,1
DA:59,2
DA:62,2
DA:63,2
DA:64,2
DA:65,1
DA:68,1
DA:70,2
DA:73,3
DA:74,3
DA:75,3
DA:76,2
DA:79,1
DA:81,3
DA:84,3
DA:85,3
DA:86,3
DA:87,2
DA:90,1
DA:92,3
DA:95,3
DA:96,3
DA:97,3
DA:98,2
DA:101,1
DA:103,3
DA:106,1
DA:107,1
LF:59
LH:59
BRF:0
BRH:0
end_of_record
TN:
SF:/Users/stevehouel/Documents/Git/daswag/daswag-cli/src/utils/config-utils.ts
FN:4,(anonymous_0)
FN:7,(anonymous_1)
FN:10,(anonymous_2)
FN:23,(anonymous_3)
FNF:4
FNH:4
FNDA:4,(anonymous_0)
FNDA:1,(anonymous_1)
FNDA:6,(anonymous_2)
FNDA:1,(anonymous_3)
DA:2,1
DA:5,4
DA:8,1
DA:11,6
DA:24,1
DA:27,1
LF:6
LH:6
BRDA:5,0,0,0
BRDA:5,0,1,4
BRDA:5,1,0,0
BRDA:5,1,1,4
BRDA:5,2,0,0
BRDA:5,2,1,4
BRDA:8,3,0,0
BRDA:8,3,1,1
BRDA:8,4,0,0
BRDA:8,4,1,1
BRDA:8,5,0,0
BRDA:8,5,1,1
BRDA:12,6,0,3
BRDA:12,6,1,3
BRDA:13,7,0,3
BRDA:13,7,1,3
BRDA:14,8,0,3
BRDA:14,8,1,3
BRDA:15,9,0,3
BRDA:15,9,1,3
BRDA:16,10,0,3
BRDA:16,10,1,3
BRDA:17,11,0,0
BRDA:17,11,1,6
BRDA:18,12,0,3
BRDA:18,12,1,3
BRDA:19,13,0,3
BRDA:19,13,1,3
BRDA:20,14,0,3
BRDA:20,14,1,3
BRDA:24,15,0,0
BRDA:24,15,1,1
BRDA:24,16,0,0
BRDA:24,16,1,1
BRDA:24,17,0,0
BRDA:24,17,1,1
BRDA:24,18,0,0
BRDA:24,18,1,1
BRDA:24,19,0,0
BRDA:24,19,1,1
BRDA:24,20,0,0
BRDA:24,20,1,1
BRDA:24,21,0,0
BRDA:24,21,1,1
BRDA:24,22,0,0
BRDA:24,22,1,1
BRF:46
BRH:31
end_of_record
TN:
SF:/Users/stevehouel/Documents/Git/daswag/daswag-cli/src/utils/constants-utils.ts
FNF:0
FNH:0
DA:2,1
DA:5,1
DA:6,1
DA:7,1
DA:8,1
LF:5
LH:5
BRF:0
BRH:0
end_of_record
TN:
SF:/Users/stevehouel/Documents/Git/daswag/daswag-cli/src/utils/file-utils.ts
FN:11,(anonymous_0)
FN:20,(anonymous_1)
FN:29,(anonymous_2)
FN:39,(anonymous_3)
FNF:4
FNH:4
FNDA:26,(anonymous_0)
FNDA:3,(anonymous_1)
FNDA:3,(anonymous_2)
FNDA:31,(anonymous_3)
DA:2,1
DA:3,1
DA:4,1
DA:12,26
DA:13,26
DA:21,3
DA:22,3
DA:30,3
DA:31,1
DA:33,2
DA:34,2
DA:35,1
DA:37,1
DA:40,31
DA:41,31
DA:44,4
DA:48,1
DA:49,1
LF:18
LH:18
BRDA:13,0,0,26
BRDA:13,0,1,24
BRDA:22,1,0,3
BRDA:22,1,1,2
BRDA:30,2,0,1
BRDA:30,2,1,2
BRDA:34,3,0,1
BRDA:34,3,1,1
BRDA:34,4,0,2
BRDA:34,4,1,1
BRF:10
BRH:10
end_of_record
TN:
SF:/Users/stevehouel/Documents/Git/daswag/daswag-cli/src/utils/logger-utils.ts
FN:6,(anonymous_0)
FN:11,(anonymous_1)
FNF:2
FNH:2
FNDA:3,(anonymous_0)
FNDA:15,(anonymous_1)
DA:2,1
DA:3,1
DA:4,1
DA:5,1
DA:6,1
DA:7,3
DA:12,15
DA:28,1
LF:8
LH:8
BRF:0
BRH:0
end_of_record
TN:
SF:/Users/stevehouel/Documents/Git/daswag/daswag-cli/src/utils/utils.ts
FN:11,(anonymous_0)
FN:18,(anonymous_1)
FN:23,(anonymous_2)
FNF:3
FNH:3
FNDA:15,(anonymous_0)
FNDA:9,(anonymous_1)
FNDA:7,(anonymous_2)
DA:2,1
DA:3,1
DA:4,1
DA:12,15
DA:13,1
DA:15,14
DA:16,14
DA:19,9
DA:20,3
DA:23,6
DA:24,7
DA:25,4
DA:27,3
DA:28,1
DA:31,6
DA:34,1
DA:35,1
LF:17
LH:17
BRDA:12,0,0,1
BRDA:12,0,1,14
BRDA:16,1,0,2
BRDA:16,1,1,12
BRDA:19,2,0,3
BRDA:19,2,1,6
BRDA:19,3,0,9
BRDA:19,3,1,7
BRDA:19,3,2,7
BRDA:24,4,0,4
BRDA:24,4,1,3
BRDA:27,5,0,1
BRDA:27,5,1,2
BRF:13
BRH:13
end_of_record
TN:
SF:/Users/stevehouel/Documents/Git/daswag/daswag-cli/src/utils/yaml-utils.ts
FN:10,(anonymous_0)
FN:23,(anonymous_1)
FN:32,(anonymous_2)
FN:90,(anonymous_3)
FN:163,(anonymous_4)
FN:179,(anonymous_5)
FN:180,(anonymous_6)
FN:185,(anonymous_7)
FN:222,(anonymous_8)
FN:262,(anonymous_9)
FN:265,(anonymous_10)
FNF:11
FNH:11
FNDA:24,(anonymous_0)
FNDA:4,(anonymous_1)
FNDA:2,(anonymous_2)
FNDA:2,(anonymous_3)
FNDA:3,(anonymous_4)
FNDA:6,(anonymous_5)
FNDA:3,(anonymous_6)
FNDA:6,(anonymous_7)
FNDA:2,(anonymous_8)
FNDA:4,(anonymous_9)
FNDA:4,(anonymous_10)
DA:2,1
DA:3,1
DA:4,1
DA:5,1
DA:6,1
DA:7,1
DA:8,1
DA:11,24
DA:12,24
DA:13,1
DA:14,1
DA:17,23
DA:20,0
DA:24,4
DA:25,4
DA:28,0
DA:29,0
DA:33,2
DA:34,2
DA:37,2
DA:38,2
DA:39,2
DA:87,2
DA:91,2
DA:92,0
DA:94,2
DA:95,2
DA:97,2
DA:98,2
DA:160,2
DA:164,3
DA:165,0
DA:167,3
DA:168,0
DA:171,3
DA:172,3
DA:174,3
DA:175,1
DA:179,6
DA:180,3
DA:184,1
DA:185,1
DA:186,6
DA:187,6
DA:190,6
DA:191,2
DA:192,2
DA:194,2
DA:195,1
DA:198,4
DA:199,1
DA:200,1
DA:202,1
DA:203,1
DA:210,2
DA:211,2
DA:219,3
DA:223,2
DA:224,0
DA:226,2
DA:227,2
DA:228,2
DA:229,2
DA:259,2
DA:263,4
DA:264,4
DA:265,4
DA:266,4
DA:267,4
DA:271,4
DA:274,1
DA:275,1
LF:72
LH:65
BRDA:12,0,0,1
BRDA:12,0,1,23
BRDA:33,1,0,2
BRDA:33,1,1,0
BRDA:37,2,0,2
BRDA:37,2,1,0
BRDA:91,3,0,0
BRDA:91,3,1,2
BRDA:91,4,0,2
BRDA:91,4,1,2
BRDA:91,4,2,2
BRDA:95,5,0,2
BRDA:95,5,1,0
BRDA:95,6,0,2
BRDA:95,6,1,2
BRDA:164,7,0,0
BRDA:164,7,1,3
BRDA:167,8,0,0
BRDA:167,8,1,3
BRDA:171,9,0,3
BRDA:171,9,1,0
BRDA:174,10,0,1
BRDA:174,10,1,2
BRDA:177,11,0,1
BRDA:177,11,1,0
BRDA:184,12,0,1
BRDA:184,12,1,0
BRDA:186,13,0,6
BRDA:186,13,1,0
BRDA:186,14,0,6
BRDA:186,14,1,6
BRDA:190,15,0,2
BRDA:190,15,1,4
BRDA:190,16,0,6
BRDA:190,16,1,3
BRDA:191,17,0,2
BRDA:191,17,1,0
BRDA:194,18,0,1
BRDA:194,18,1,1
BRDA:198,19,0,1
BRDA:198,19,1,3
BRDA:198,20,0,4
BRDA:198,20,1,1
BRDA:199,21,0,1
BRDA:199,21,1,0
BRDA:202,22,0,1
BRDA:202,22,1,0
BRDA:210,23,0,2
BRDA:210,23,1,0
BRDA:223,24,0,0
BRDA:223,24,1,2
BRDA:227,25,0,2
BRDA:227,25,1,0
BRDA:227,26,0,2
BRDA:227,26,1,2
BRDA:264,27,0,4
BRDA:264,27,1,0
BRDA:264,28,0,4
BRDA:264,28,1,4
BRDA:266,29,0,4
BRDA:266,29,1,0
BRF:61
BRH:43
end_of_record
